# JRE version: OpenJDK Runtime Environment Temurin-21.0.3+9 (21.0.3+9) (build 21.0.3+9-LTS)
# Java VM: OpenJDK 64-Bit Server VM Temurin-21.0.3+9 (21.0.3+9-LTS, mixed mode, emulated-client, tiered, compressed oops, compressed class ptrs, g1 gc, windows-amd64)
GC Precious Log:
 CardTable entry size: 512
 Card Set container configuration: InlinePtr #cards 5 size 8 Array Of Cards #cards 12 size 40 Howl #buckets 4 coarsen threshold 1843 Howl Bitmap #cards 512 size 80 coarsen threshold 460 Card regions per heap region 1 cards per card region 2048
 CPUs: 2 total, 2 available
 Memory: 3551M
 Large Page Support: Disabled
 NUMA Support: Disabled
 Compressed Oops: Enabled (32-bit)
 Heap Region Size: 1M
 Heap Min Capacity: 8M
 Heap Initial Capacity: 56M
 Heap Max Capacity: 888M
 Pre-touch: Disabled
 Parallel Workers: 2
 Concurrent Workers: 1
 Concurrent Refinement Workers: 2
 Periodic GC: Disabled
Heap:
 garbage-first heap   total 75776K, used 33888K [0x00000000c8800000, 0x0000000100000000)
  region size 1024K, 10 young (10240K), 4 survivors (4096K)
 Metaspace       used 81117K, committed 81856K, reserved 1179648K
  class space    used 10615K, committed 10944K, reserved 1048576K
GC Heap History (20 events):
Event: 275.101 GC heap before
{Heap before GC invocations=36 (full 1):
 garbage-first heap   total 75776K, used 65657K [0x00000000c8800000, 0x0000000100000000)
  region size 1024K, 44 young (45056K), 0 survivors (0K)
 Metaspace       used 77499K, committed 78464K, reserved 1179648K
  class space    used 10172K, committed 10560K, reserved 1048576K
}
Event: 275.120 GC heap after
{Heap after GC invocations=37 (full 1):
 garbage-first heap   total 75776K, used 26438K [0x00000000c8800000, 0x0000000100000000)
  region size 1024K, 5 young (5120K), 5 survivors (5120K)
 Metaspace       used 77499K, committed 78464K, reserved 1179648K
  class space    used 10172K, committed 10560K, reserved 1048576K
}
Event: 307.597 GC heap before
{Heap before GC invocations=37 (full 1):
 garbage-first heap   total 75776K, used 56134K [0x00000000c8800000, 0x0000000100000000)
  region size 1024K, 35 young (35840K), 5 survivors (5120K)
 Metaspace       used 77793K, committed 78528K, reserved 1179648K
  class space    used 10213K, committed 10560K, reserved 1048576K
}
Event: 307.740 GC heap after
{Heap after GC invocations=38 (full 2):
 garbage-first heap   total 75776K, used 24657K [0x00000000c8800000, 0x0000000100000000)
  region size 1024K, 0 young (0K), 0 survivors (0K)
 Metaspace       used 77671K, committed 78528K, reserved 1179648K
  class space    used 10181K, committed 10560K, reserved 1048576K
}
Event: 312.373 GC heap before
{Heap before GC invocations=38 (full 2):
 garbage-first heap   total 75776K, used 63569K [0x00000000c8800000, 0x0000000100000000)
  region size 1024K, 39 young (39936K), 0 survivors (0K)
 Metaspace       used 77694K, committed 78528K, reserved 1179648K
  class space    used 10186K, committed 10560K, reserved 1048576K
}
Event: 312.387 GC heap after
{Heap after GC invocations=39 (full 2):
 garbage-first heap   total 75776K, used 28148K [0x00000000c8800000, 0x0000000100000000)
  region size 1024K, 4 young (4096K), 4 survivors (4096K)
 Metaspace       used 77694K, committed 78528K, reserved 1179648K
  class space    used 10186K, committed 10560K, reserved 1048576K
}
Event: 322.012 GC heap before
{Heap before GC invocations=40 (full 2):
 garbage-first heap   total 75776K, used 62946K [0x00000000c8800000, 0x0000000100000000)
  region size 1024K, 39 young (39936K), 4 survivors (4096K)
 Metaspace       used 78952K, committed 79616K, reserved 1179648K
  class space    used 10318K, committed 10688K, reserved 1048576K
}
Event: 322.036 GC heap after
{Heap after GC invocations=41 (full 2):
 garbage-first heap   total 75776K, used 29898K [0x00000000c8800000, 0x0000000100000000)
  region size 1024K, 3 young (3072K), 3 survivors (3072K)
 Metaspace       used 78952K, committed 79616K, reserved 1179648K
  class space    used 10318K, committed 10688K, reserved 1048576K
}
Event: 344.365 GC heap before
{Heap before GC invocations=41 (full 2):
 garbage-first heap   total 75776K, used 47306K [0x00000000c8800000, 0x0000000100000000)
  region size 1024K, 22 young (22528K), 3 survivors (3072K)
 Metaspace       used 80757K, committed 81408K, reserved 1179648K
  class space    used 10603K, committed 10880K, reserved 1048576K
}
Event: 344.490 GC heap after
{Heap after GC invocations=42 (full 3):
 garbage-first heap   total 75776K, used 25094K [0x00000000c8800000, 0x0000000100000000)
  region size 1024K, 0 young (0K), 0 survivors (0K)
 Metaspace       used 80670K, committed 81408K, reserved 1179648K
  class space    used 10580K, committed 10880K, reserved 1048576K
}
Event: 348.148 GC heap before
{Heap before GC invocations=42 (full 3):
 garbage-first heap   total 75776K, used 64006K [0x00000000c8800000, 0x0000000100000000)
  region size 1024K, 39 young (39936K), 0 survivors (0K)
 Metaspace       used 80692K, committed 81408K, reserved 1179648K
  class space    used 10584K, committed 10880K, reserved 1048576K
}
Event: 348.164 GC heap after
{Heap after GC invocations=43 (full 3):
 garbage-first heap   total 75776K, used 28731K [0x00000000c8800000, 0x0000000100000000)
  region size 1024K, 4 young (4096K), 4 survivors (4096K)
 Metaspace       used 80692K, committed 81408K, reserved 1179648K
  class space    used 10584K, committed 10880K, reserved 1048576K
}
Event: 386.561 GC heap before
{Heap before GC invocations=43 (full 3):
 garbage-first heap   total 75776K, used 56379K [0x00000000c8800000, 0x0000000100000000)
  region size 1024K, 32 young (32768K), 4 survivors (4096K)
 Metaspace       used 80863K, committed 81600K, reserved 1179648K
  class space    used 10594K, committed 10944K, reserved 1048576K
}
Event: 386.742 GC heap after
{Heap after GC invocations=44 (full 4):
 garbage-first heap   total 75776K, used 25351K [0x00000000c8800000, 0x0000000100000000)
  region size 1024K, 0 young (0K), 0 survivors (0K)
 Metaspace       used 80861K, committed 81600K, reserved 1179648K
  class space    used 10594K, committed 10944K, reserved 1048576K
}
Event: 393.172 GC heap before
{Heap before GC invocations=44 (full 4):
 garbage-first heap   total 75776K, used 65287K [0x00000000c8800000, 0x0000000100000000)
  region size 1024K, 40 young (40960K), 0 survivors (0K)
 Metaspace       used 80890K, committed 81600K, reserved 1179648K
  class space    used 10599K, committed 10944K, reserved 1048576K
}
Event: 393.192 GC heap after
{Heap after GC invocations=45 (full 4):
 garbage-first heap   total 75776K, used 28935K [0x00000000c8800000, 0x0000000100000000)
  region size 1024K, 4 young (4096K), 4 survivors (4096K)
 Metaspace       used 80890K, committed 81600K, reserved 1179648K
  class space    used 10599K, committed 10944K, reserved 1048576K
}
Event: 466.682 GC heap before
{Heap before GC invocations=45 (full 4):
 garbage-first heap   total 75776K, used 54535K [0x00000000c8800000, 0x0000000100000000)
  region size 1024K, 31 young (31744K), 4 survivors (4096K)
 Metaspace       used 81058K, committed 81792K, reserved 1179648K
  class space    used 10609K, committed 10944K, reserved 1048576K
}
Event: 466.813 GC heap after
{Heap after GC invocations=46 (full 5):
 garbage-first heap   total 75776K, used 25064K [0x00000000c8800000, 0x0000000100000000)
  region size 1024K, 0 young (0K), 0 survivors (0K)
 Metaspace       used 81041K, committed 81792K, reserved 1179648K
  class space    used 10604K, committed 10944K, reserved 1048576K
}
Event: 469.482 GC heap before
{Heap before GC invocations=46 (full 5):
 garbage-first heap   total 75776K, used 63976K [0x00000000c8800000, 0x0000000100000000)
  region size 1024K, 39 young (39936K), 0 survivors (0K)
 Metaspace       used 81075K, committed 81792K, reserved 1179648K
  class space    used 10611K, committed 10944K, reserved 1048576K
}
Event: 469.496 GC heap after
{Heap after GC invocations=47 (full 5):
 garbage-first heap   total 75776K, used 28768K [0x00000000c8800000, 0x0000000100000000)
  region size 1024K, 4 young (4096K), 4 survivors (4096K)
 Metaspace       used 81075K, committed 81792K, reserved 1179648K
  class space    used 10611K, committed 10944K, reserved 1048576K
}

